time="08-09-2021 11:00:42" level=info msg="Server apilinkaja is ready to handle requests at st :2021"
time="08-09-2021 11:00:46" level=info msg="HTTP Request Method" method=GET url=/api/v1/linkaja/checksaldo/account
time="08-09-2021 11:00:48" level=info msg="HTTP Request Method" method=POST request= url=/api/v1/linkaja/transfer
time="08-09-2021 11:01:41" level=info msg="Server apilinkaja is shutting down..."
time="08-09-2021 11:01:41" level=info msg="Server apilinkaja stopped"
time="08-09-2021 11:02:50" level=info msg="Server apilinkaja is ready to handle requests at st :2021"
time="08-09-2021 11:02:55" level=info msg="HTTP Request Method" method=POST request= url=/api/v1/linkaja/transfer
time="08-09-2021 11:06:18" level=info msg="Server apilinkaja is shutting down..."
time="08-09-2021 11:06:18" level=info msg="Server apilinkaja stopped"
time="08-09-2021 11:06:25" level=info msg="Server apilinkaja is ready to handle requests at st :2021"
time="08-09-2021 11:06:29" level=info msg="HTTP Request Method" method=POST request= url=/api/v1/linkaja/transfer
time="08-09-2021 11:07:36" level=info msg="Server apilinkaja is shutting down..."
time="08-09-2021 11:07:36" level=info msg="Server apilinkaja stopped"
time="08-09-2021 11:07:42" level=info msg="Server apilinkaja is ready to handle requests at st :2021"
time="08-09-2021 11:07:46" level=info msg="HTTP Request Method" method=POST request= url=/api/v1/linkaja/transfer
time="08-09-2021 11:12:45" level=info msg="Server apilinkaja is shutting down..."
time="08-09-2021 11:12:45" level=info msg="Server apilinkaja stopped"
time="08-09-2021 11:12:52" level=info msg="Server apilinkaja is ready to handle requests at st :2021"
time="08-09-2021 11:12:56" level=info msg="HTTP Request Method" method=POST request= url=/api/v1/linkaja/transfer
time="08-09-2021 11:22:21" level=info msg="HTTP Request Method" method=POST request= url=/api/v1/linkaja/transfer
time="08-09-2021 11:22:54" level=info msg="HTTP Request Method" method=POST request= url=/api/v1/linkaja/transfer
time="08-09-2021 11:38:50" level=info msg="HTTP Request Method" method=POST request= url=/api/v1/linkaja/transfer
time="09-09-2021 11:17:27" level=info msg="HTTP Request Method" method=GET url=/api/v1/linkaja/checksaldo/account
time="09-09-2021 11:25:04" level=info msg="HTTP Request Method" method=GET url=/api/v1/linkaja/checksaldo/account
time="09-09-2021 11:25:08" level=info msg="HTTP Request Method" method=GET url=/api/v1/linkaja/checksaldo/account
time="09-09-2021 11:26:38" level=info msg="HTTP Request Method" method=GET url=/api/v1/linkaja/checksaldo/account
time="09-09-2021 11:27:28" level=info msg="Server apilinkaja is shutting down..."
time="09-09-2021 11:27:28" level=info msg="Server apilinkaja stopped"
