time="30-05-2021 07:34:30" level=info msg="Server apilinkaja is ready to handle requests at st :2021"
time="30-05-2021 07:34:36" level=info msg="HTTP Request Method" method=POST request= url=/api/v1/linkaja/checksaldo/account
time="30-05-2021 07:35:49" level=info msg="HTTP Request Method" method=POST request= url=/api/v1/linkaja/checksaldo/account
time="30-05-2021 07:36:45" level=info msg="Server apilinkaja is shutting down..."
time="30-05-2021 07:36:45" level=info msg="Server apilinkaja stopped"
time="30-05-2021 07:37:08" level=info msg="Server apilinkaja is ready to handle requests at st :2021"
time="30-05-2021 07:37:19" level=info msg="HTTP Request Method" method=POST request= url=/api/v1/linkaja/checksaldo/account
time="30-05-2021 08:50:04" level=info msg="Server apilinkaja is ready to handle requests at st :2021"
time="30-05-2021 08:50:14" level=info msg="HTTP Request Method" method=POST request= url=/api/v1/linkaja/checksaldo/account
time="30-05-2021 08:55:04" level=info msg="Server apilinkaja is shutting down..."
time="30-05-2021 08:55:04" level=info msg="Server apilinkaja stopped"
time="30-05-2021 08:55:25" level=info msg="Server apilinkaja is ready to handle requests at st :2021"
time="30-05-2021 08:55:29" level=info msg="HTTP Request Method" method=POST request= url=/api/v1/linkaja/checksaldo/account
time="30-05-2021 08:56:28" level=info msg="Server apilinkaja is shutting down..."
time="30-05-2021 08:56:28" level=info msg="Server apilinkaja stopped"
time="30-05-2021 08:56:38" level=info msg="Server apilinkaja is ready to handle requests at st :2021"
time="30-05-2021 08:56:41" level=info msg="HTTP Request Method" method=POST request= url=/api/v1/linkaja/checksaldo/account
time="30-05-2021 08:57:21" level=info msg="HTTP Request Method" method=POST request= url=/api/v1/linkaja/checksaldo/account
time="30-05-2021 08:57:41" level=info msg="HTTP Request Method" method=POST request= url=/api/v1/linkaja/checksaldo/account
time="30-05-2021 08:58:13" level=info msg="HTTP Request Method" method=POST request= url=/api/v1/linkaja/checksaldo/account
time="30-05-2021 08:58:40" level=info msg="Server apilinkaja is shutting down..."
time="30-05-2021 08:58:40" level=info msg="Server apilinkaja stopped"
time="30-05-2021 08:58:57" level=info msg="Server apilinkaja is ready to handle requests at st :2021"
time="30-05-2021 08:59:01" level=info msg="HTTP Request Method" method=POST request= url=/api/v1/linkaja/checksaldo/account
time="30-05-2021 09:51:27" level=info msg="Server apilinkaja is shutting down..."
time="30-05-2021 09:51:27" level=info msg="Server apilinkaja stopped"
time="30-05-2021 09:51:39" level=info msg="Server apilinkaja is ready to handle requests at st :2021"
time="30-05-2021 09:51:43" level=info msg="HTTP Request Method" method=POST request= url=/api/v1/linkaja/checksaldo/account
time="30-05-2021 09:52:06" level=info msg="Server apilinkaja is shutting down..."
time="30-05-2021 09:52:06" level=info msg="Server apilinkaja stopped"
time="30-05-2021 09:52:22" level=info msg="Server apilinkaja is ready to handle requests at st :2021"
time="30-05-2021 09:52:25" level=info msg="HTTP Request Method" method=POST request= url=/api/v1/linkaja/checksaldo/account
time="30-05-2021 09:58:21" level=info msg="Server apilinkaja is shutting down..."
time="30-05-2021 09:58:21" level=info msg="Server apilinkaja stopped"
time="30-05-2021 09:58:39" level=info msg="Server apilinkaja is ready to handle requests at st :2021"
time="30-05-2021 09:58:42" level=info msg="HTTP Request Method" method=POST request= url=/api/v1/linkaja/checksaldo/account
time="30-05-2021 09:59:19" level=info msg="Server apilinkaja is shutting down..."
time="30-05-2021 09:59:19" level=info msg="Server apilinkaja stopped"
time="30-05-2021 09:59:30" level=info msg="Server apilinkaja is ready to handle requests at st :2021"
time="30-05-2021 09:59:33" level=info msg="HTTP Request Method" method=POST request= url=/api/v1/linkaja/checksaldo/account
time="30-05-2021 10:01:21" level=info msg="HTTP Request Method" method=POST request= url=/api/v1/linkaja/checksaldo/account
time="30-05-2021 10:04:34" level=info msg="Server apilinkaja is shutting down..."
time="30-05-2021 10:04:34" level=info msg="Server apilinkaja stopped"
time="30-05-2021 10:04:45" level=info msg="Server apilinkaja is ready to handle requests at st :2021"
time="30-05-2021 10:04:47" level=info msg="HTTP Request Method" method=POST request= url=/api/v1/linkaja/checksaldo/account
time="30-05-2021 10:05:22" level=info msg="Server apilinkaja is shutting down..."
time="30-05-2021 10:05:22" level=info msg="Server apilinkaja stopped"
time="30-05-2021 10:05:30" level=info msg="Server apilinkaja is ready to handle requests at st :2021"
time="30-05-2021 10:05:34" level=info msg="HTTP Request Method" method=POST request= url=/api/v1/linkaja/checksaldo/account
time="30-05-2021 10:37:52" level=info msg="Server apilinkaja is shutting down..."
time="30-05-2021 10:37:52" level=info msg="Server apilinkaja stopped"
time="30-05-2021 10:38:01" level=info msg="Server apilinkaja is ready to handle requests at st :2021"
time="30-05-2021 10:38:08" level=info msg="HTTP Request Method" method=POST request= url=/api/v1/linkaja/checksaldo/account
time="30-05-2021 10:40:06" level=info msg="Server apilinkaja is shutting down..."
time="30-05-2021 10:40:06" level=info msg="Server apilinkaja stopped"
time="30-05-2021 10:40:17" level=info msg="Server apilinkaja is ready to handle requests at st :2021"
time="30-05-2021 10:40:21" level=info msg="HTTP Request Method" method=POST request= url=/api/v1/linkaja/checksaldo/account
time="30-05-2021 10:42:10" level=info msg="Server apilinkaja is shutting down..."
time="30-05-2021 10:42:10" level=info msg="Server apilinkaja stopped"
time="30-05-2021 10:42:22" level=info msg="Server apilinkaja is ready to handle requests at st :2021"
time="30-05-2021 10:42:40" level=info msg="HTTP Request Method" method=POST request= url=/api/v1/linkaja/checksaldo/account
time="30-05-2021 10:43:50" level=info msg="HTTP Request Method" method=POST request= url=/api/v1/linkaja/checksaldo/account
time="30-05-2021 10:44:21" level=info msg="Server apilinkaja is shutting down..."
time="30-05-2021 10:44:21" level=info msg="Server apilinkaja stopped"
time="30-05-2021 10:44:35" level=info msg="Server apilinkaja is ready to handle requests at st :2021"
time="30-05-2021 10:44:38" level=info msg="HTTP Request Method" method=POST request= url=/api/v1/linkaja/checksaldo/account
time="30-05-2021 10:47:33" level=info msg="Server apilinkaja is shutting down..."
time="30-05-2021 10:47:33" level=info msg="Server apilinkaja stopped"
time="30-05-2021 10:47:47" level=info msg="Server apilinkaja is ready to handle requests at st :2021"
time="30-05-2021 10:47:50" level=info msg="HTTP Request Method" method=POST request= url=/api/v1/linkaja/checksaldo/account
time="30-05-2021 10:51:22" level=info msg="Server apilinkaja is shutting down..."
time="30-05-2021 10:51:22" level=info msg="Server apilinkaja stopped"
time="30-05-2021 10:51:46" level=info msg="Server apilinkaja is ready to handle requests at st :2021"
time="30-05-2021 10:51:50" level=info msg="HTTP Request Method" method=POST request= url=/api/v1/linkaja/checksaldo/account
time="30-05-2021 10:51:57" level=info msg="HTTP Request Method" method=POST request= url=/api/v1/linkaja/checksaldo/account
time="30-05-2021 10:52:10" level=info msg="HTTP Request Method" method=POST request= url=/api/v1/linkaja/checksaldo/account
time="30-05-2021 10:54:23" level=info msg="Server apilinkaja is shutting down..."
time="30-05-2021 10:54:23" level=info msg="Server apilinkaja stopped"
time="30-05-2021 10:54:37" level=info msg="Server apilinkaja is ready to handle requests at st :2021"
time="30-05-2021 10:54:40" level=info msg="HTTP Request Method" method=POST request= url=/api/v1/linkaja/checksaldo/account
time="30-05-2021 10:55:04" level=info msg="Server apilinkaja is shutting down..."
time="30-05-2021 10:55:04" level=info msg="Server apilinkaja stopped"
time="30-05-2021 10:55:12" level=info msg="Server apilinkaja is ready to handle requests at st :2021"
time="30-05-2021 10:55:14" level=info msg="HTTP Request Method" method=POST request= url=/api/v1/linkaja/checksaldo/account
time="30-05-2021 10:56:03" level=info msg="Server apilinkaja is shutting down..."
time="30-05-2021 10:56:03" level=info msg="Server apilinkaja stopped"
time="30-05-2021 10:56:14" level=info msg="Server apilinkaja is ready to handle requests at st :2021"
time="30-05-2021 10:56:19" level=info msg="HTTP Request Method" method=POST request= url=/api/v1/linkaja/checksaldo/account
time="30-05-2021 10:56:26" level=info msg="HTTP Request Method" method=POST request= url=/api/v1/linkaja/checksaldo/account
time="30-05-2021 10:57:51" level=info msg="HTTP Request Method" method=POST request= url=/api/v1/linkaja/checksaldo/account
time="30-05-2021 10:59:16" level=info msg="Server apilinkaja is shutting down..."
time="30-05-2021 10:59:16" level=info msg="Server apilinkaja stopped"
time="30-05-2021 10:59:27" level=info msg="Server apilinkaja is ready to handle requests at st :2021"
time="30-05-2021 10:59:31" level=info msg="HTTP Request Method" method=POST request= url=/api/v1/linkaja/checksaldo/account
time="30-05-2021 10:59:35" level=info msg="HTTP Request Method" method=GET url=/api/v1/linkaja/checksaldo/account
time="30-05-2021 10:59:45" level=info msg="HTTP Request Method" method=GET url=/api/v1/linkaja/checksaldo/account
time="30-05-2021 11:01:39" level=info msg="HTTP Request Method" method=GET url=/api/v1/linkaja/checksaldo/account
time="30-05-2021 11:01:44" level=info msg="HTTP Request Method" method=GET url=/api/v1/linkaja/checksaldo/account
time="30-05-2021 11:15:33" level=info msg="Server apilinkaja is shutting down..."
time="30-05-2021 11:15:33" level=info msg="Server apilinkaja stopped"
time="30-05-2021 11:15:46" level=info msg="Server apilinkaja is ready to handle requests at st :2021"
time="30-05-2021 11:17:04" level=info msg="HTTP Request Method" method=POST request= url=/api/v1/linkaja/transfer
time="30-05-2021 11:18:32" level=info msg="HTTP Request Method" method=POST request= url=/api/v1/linkaja/transfer
time="30-05-2021 11:18:41" level=info msg="Server apilinkaja is shutting down..."
time="30-05-2021 11:18:41" level=info msg="Server apilinkaja stopped"
time="30-05-2021 11:18:52" level=info msg="Server apilinkaja is ready to handle requests at st :2021"
time="30-05-2021 11:18:55" level=info msg="HTTP Request Method" method=POST request= url=/api/v1/linkaja/transfer
time="30-05-2021 11:20:19" level=info msg="Server apilinkaja is shutting down..."
time="30-05-2021 11:20:19" level=info msg="Server apilinkaja stopped"
time="30-05-2021 11:20:28" level=info msg="Server apilinkaja is ready to handle requests at st :2021"
time="30-05-2021 11:20:31" level=info msg="HTTP Request Method" method=POST request= url=/api/v1/linkaja/transfer
time="30-05-2021 11:21:47" level=info msg="Server apilinkaja is shutting down..."
time="30-05-2021 11:21:47" level=info msg="Server apilinkaja stopped"
time="30-05-2021 11:21:57" level=info msg="Server apilinkaja is ready to handle requests at st :2021"
time="30-05-2021 11:22:00" level=info msg="HTTP Request Method" method=POST request= url=/api/v1/linkaja/transfer
time="30-05-2021 11:22:29" level=info msg="Server apilinkaja is shutting down..."
time="30-05-2021 11:22:29" level=info msg="Server apilinkaja stopped"
time="30-05-2021 11:22:40" level=info msg="Server apilinkaja is ready to handle requests at st :2021"
time="30-05-2021 11:22:50" level=info msg="HTTP Request Method" method=POST request= url=/api/v1/linkaja/transfer
time="30-05-2021 11:24:07" level=info msg="Server apilinkaja is shutting down..."
time="30-05-2021 11:24:07" level=info msg="Server apilinkaja stopped"
time="30-05-2021 11:24:15" level=info msg="Server apilinkaja is ready to handle requests at st :2021"
time="30-05-2021 11:24:18" level=info msg="HTTP Request Method" method=POST request= url=/api/v1/linkaja/transfer
time="30-05-2021 11:24:29" level=info msg="HTTP Request Method" method=POST request= url=/api/v1/linkaja/transfer
time="30-05-2021 11:25:06" level=info msg="HTTP Request Method" method=POST request= url=/api/v1/linkaja/transfer
time="30-05-2021 11:25:08" level=info msg="HTTP Request Method" method=GET url=/api/v1/linkaja/checksaldo/account
time="30-05-2021 11:25:34" level=info msg="HTTP Request Method" method=POST request= url=/api/v1/linkaja/transfer
time="30-05-2021 11:25:35" level=info msg="HTTP Request Method" method=POST request= url=/api/v1/linkaja/transfer
time="30-05-2021 11:25:35" level=info msg="HTTP Request Method" method=POST request= url=/api/v1/linkaja/transfer
time="30-05-2021 11:25:35" level=info msg="HTTP Request Method" method=POST request= url=/api/v1/linkaja/transfer
time="30-05-2021 11:25:36" level=info msg="HTTP Request Method" method=POST request= url=/api/v1/linkaja/transfer
time="30-05-2021 11:25:36" level=info msg="HTTP Request Method" method=POST request= url=/api/v1/linkaja/transfer
time="30-05-2021 11:26:13" level=info msg="Server apilinkaja is shutting down..."
time="30-05-2021 11:26:13" level=info msg="Server apilinkaja stopped"
time="30-05-2021 11:26:24" level=info msg="Server apilinkaja is ready to handle requests at st :2021"
time="30-05-2021 11:26:26" level=info msg="HTTP Request Method" method=POST request= url=/api/v1/linkaja/transfer
time="30-05-2021 11:27:09" level=info msg="Server apilinkaja is shutting down..."
time="30-05-2021 11:27:09" level=info msg="Server apilinkaja stopped"
time="30-05-2021 11:27:16" level=info msg="Server apilinkaja is ready to handle requests at st :2021"
time="30-05-2021 11:27:18" level=info msg="HTTP Request Method" method=POST request= url=/api/v1/linkaja/transfer
time="30-05-2021 11:28:58" level=info msg="Server apilinkaja is shutting down..."
time="30-05-2021 11:28:58" level=info msg="Server apilinkaja stopped"
time="30-05-2021 11:29:10" level=info msg="Server apilinkaja is ready to handle requests at st :2021"
time="30-05-2021 11:29:15" level=info msg="HTTP Request Method" method=POST request= url=/api/v1/linkaja/transfer
time="30-05-2021 11:29:36" level=info msg="Server apilinkaja is shutting down..."
time="30-05-2021 11:29:36" level=info msg="Server apilinkaja stopped"
time="30-05-2021 11:29:46" level=info msg="Server apilinkaja is ready to handle requests at st :2021"
time="30-05-2021 11:29:50" level=info msg="HTTP Request Method" method=POST request= url=/api/v1/linkaja/transfer
time="30-05-2021 11:31:24" level=info msg="Server apilinkaja is shutting down..."
time="30-05-2021 11:31:24" level=info msg="Server apilinkaja stopped"
time="30-05-2021 11:31:43" level=info msg="Server apilinkaja is ready to handle requests at st :2021"
time="30-05-2021 11:31:45" level=info msg="HTTP Request Method" method=POST request= url=/api/v1/linkaja/transfer
time="30-05-2021 11:43:44" level=info msg="Server apilinkaja is shutting down..."
time="30-05-2021 11:43:44" level=info msg="Server apilinkaja stopped"
time="30-05-2021 11:43:50" level=info msg="Server apilinkaja is ready to handle requests at st :2021"
time="30-05-2021 11:43:53" level=info msg="HTTP Request Method" method=POST request= url=/api/v1/linkaja/transfer
time="30-05-2021 11:45:05" level=info msg="Server apilinkaja is shutting down..."
time="30-05-2021 11:45:05" level=info msg="Server apilinkaja stopped"
time="30-05-2021 11:45:13" level=info msg="Server apilinkaja is ready to handle requests at st :2021"
time="30-05-2021 11:45:17" level=info msg="HTTP Request Method" method=POST request= url=/api/v1/linkaja/transfer
time="30-05-2021 11:52:23" level=info msg="Server apilinkaja is shutting down..."
time="30-05-2021 11:52:23" level=info msg="Server apilinkaja stopped"
time="30-05-2021 11:53:12" level=info msg="Server apilinkaja is ready to handle requests at st :2021"
time="30-05-2021 11:53:17" level=info msg="HTTP Request Method" method=POST request= url=/api/v1/linkaja/transfer
time="30-05-2021 11:54:35" level=info msg="Server apilinkaja is shutting down..."
time="30-05-2021 11:54:35" level=info msg="Server apilinkaja stopped"
time="30-05-2021 11:54:46" level=info msg="Server apilinkaja is ready to handle requests at st :2021"
time="30-05-2021 11:54:53" level=info msg="HTTP Request Method" method=POST request= url=/api/v1/linkaja/transfer
time="30-05-2021 13:01:04" level=info msg="Server apilinkaja is shutting down..."
time="30-05-2021 13:01:04" level=info msg="Server apilinkaja stopped"
time="30-05-2021 13:01:16" level=info msg="Server apilinkaja is ready to handle requests at st :2021"
time="30-05-2021 13:01:28" level=info msg="HTTP Request Method" method=POST request= url=/api/v1/linkaja/transfer
time="30-05-2021 13:02:09" level=info msg="Server apilinkaja is shutting down..."
time="30-05-2021 13:02:09" level=info msg="Server apilinkaja stopped"
time="30-05-2021 13:03:40" level=info msg="Server apilinkaja is ready to handle requests at st :2021"
time="30-05-2021 13:03:46" level=info msg="HTTP Request Method" method=POST request= url=/api/v1/linkaja/transfer
time="30-05-2021 13:04:26" level=info msg="Server apilinkaja is shutting down..."
time="30-05-2021 13:04:26" level=info msg="Server apilinkaja stopped"
time="30-05-2021 13:06:41" level=info msg="Server apilinkaja is ready to handle requests at st :2021"
time="30-05-2021 13:06:44" level=info msg="HTTP Request Method" method=POST request= url=/api/v1/linkaja/transfer
time="30-05-2021 13:07:04" level=info msg="HTTP Request Method" method=POST request= url=/api/v1/linkaja/transfer
time="30-05-2021 13:07:29" level=info msg="HTTP Request Method" method=POST request= url=/api/v1/linkaja/transfer
time="30-05-2021 13:08:04" level=info msg="HTTP Request Method" method=POST request= url=/api/v1/linkaja/transfer
time="30-05-2021 13:09:16" level=info msg="Server apilinkaja is shutting down..."
time="30-05-2021 13:09:16" level=info msg="Server apilinkaja stopped"
time="30-05-2021 13:09:27" level=info msg="Server apilinkaja is ready to handle requests at st :2021"
time="30-05-2021 13:09:31" level=info msg="HTTP Request Method" method=POST request= url=/api/v1/linkaja/transfer
time="30-05-2021 13:11:33" level=info msg="Server apilinkaja is shutting down..."
time="30-05-2021 13:11:33" level=info msg="Server apilinkaja stopped"
time="30-05-2021 13:11:48" level=info msg="Server apilinkaja is ready to handle requests at st :2021"
time="30-05-2021 13:11:51" level=info msg="HTTP Request Method" method=POST request= url=/api/v1/linkaja/transfer
time="30-05-2021 13:11:59" level=info msg="HTTP Request Method" method=POST request= url=/api/v1/linkaja/transfer
time="30-05-2021 13:19:58" level=info msg="Server apilinkaja is shutting down..."
time="30-05-2021 13:19:58" level=info msg="Server apilinkaja stopped"
time="30-05-2021 13:20:11" level=info msg="Server apilinkaja is ready to handle requests at st :2021"
time="30-05-2021 13:20:15" level=info msg="HTTP Request Method" method=POST request= url=/api/v1/linkaja/transfer
time="30-05-2021 13:20:20" level=info msg="HTTP Request Method" method=GET url=/api/v1/linkaja/checksaldo/account
time="30-05-2021 13:20:25" level=info msg="HTTP Request Method" method=GET url=/api/v1/linkaja/checksaldo/account
time="30-05-2021 13:20:32" level=info msg="HTTP Request Method" method=GET url=/api/v1/linkaja/checksaldo/account
time="30-05-2021 13:20:53" level=info msg="HTTP Request Method" method=POST request= url=/api/v1/linkaja/transfer
time="30-05-2021 13:21:01" level=info msg="HTTP Request Method" method=POST request= url=/api/v1/linkaja/transfer
time="30-05-2021 13:22:37" level=info msg="Server apilinkaja is shutting down..."
time="30-05-2021 13:22:37" level=info msg="Server apilinkaja stopped"
time="30-05-2021 13:22:45" level=info msg="Server apilinkaja is ready to handle requests at st :2021"
time="30-05-2021 13:22:49" level=info msg="HTTP Request Method" method=POST request= url=/api/v1/linkaja/transfer
time="30-05-2021 13:25:26" level=info msg="Server apilinkaja is shutting down..."
time="30-05-2021 13:25:26" level=info msg="Server apilinkaja stopped"
time="30-05-2021 14:42:52" level=info msg="Server apilinkaja is ready to handle requests at st :2021"
time="30-05-2021 14:42:59" level=info msg="HTTP Request Method" method=GET url=/api/v1/linkaja/checksaldo/account
time="30-05-2021 14:52:03" level=info msg="HTTP Request Method" method=GET url=/api/v1/linkaja/checksaldo/account
time="30-05-2021 14:54:51" level=info msg="HTTP Request Method" method=POST request= url=/api/v1/linkaja/transfer
time="30-05-2021 14:56:13" level=info msg="HTTP Request Method" method=POST request= url=/api/v1/linkaja/transfer
time="30-05-2021 14:56:34" level=info msg="Server apilinkaja is shutting down..."
time="30-05-2021 14:56:34" level=info msg="Server apilinkaja stopped"
time="30-05-2021 14:56:45" level=info msg="Server apilinkaja is ready to handle requests at st :2021"
time="30-05-2021 14:56:48" level=info msg="HTTP Request Method" method=POST request= url=/api/v1/linkaja/transfer
time="30-05-2021 14:58:20" level=info msg="HTTP Request Method" method=POST request= url=/api/v1/linkaja/transfer
time="30-05-2021 14:58:27" level=info msg="HTTP Request Method" method=POST request= url=/api/v1/linkaja/transfer
time="30-05-2021 15:06:40" level=info msg="Server apilinkaja is shutting down..."
time="30-05-2021 15:06:40" level=info msg="Server apilinkaja stopped"
time="30-05-2021 15:06:50" level=info msg="Server apilinkaja is ready to handle requests at st :2021"
time="30-05-2021 15:07:01" level=info msg="HTTP Request Method" method=POST request= url=/api/v1/linkaja/transfer
time="30-05-2021 15:56:10" level=info msg="Server apilinkaja is shutting down..."
time="30-05-2021 15:56:10" level=info msg="Server apilinkaja stopped"
