time="29-05-2021 21:31:48" level=info msg="Server apilinkaja is ready to handle requests at st :2021"
time="29-05-2021 21:31:57" level=info msg="HTTP Request Method" method=POST request= url=/api/v1/apilinkaja/linkaja/checksaldo/account
time="29-05-2021 21:32:20" level=info msg="Server apilinkaja is shutting down..."
time="29-05-2021 21:32:20" level=info msg="Server apilinkaja stopped"
time="29-05-2021 21:32:42" level=info msg="Server apilinkaja is ready to handle requests at st :2021"
time="29-05-2021 21:32:47" level=info msg="HTTP Request Method" method=POST request= url=/api/v1/apilinkaja/linkaja/checksaldo/account
time="29-05-2021 21:33:12" level=info msg="HTTP Request Method" method=POST request= url=/api/v1/linkaja/checksaldo/account
time="29-05-2021 21:34:17" level=info msg="Server apilinkaja is shutting down..."
time="29-05-2021 21:34:17" level=info msg="Server apilinkaja stopped"
time="29-05-2021 21:34:30" level=info msg="Server apilinkaja is ready to handle requests at st :2021"
time="29-05-2021 21:34:34" level=info msg="HTTP Request Method" method=POST request= url=/api/v1/linkaja/checksaldo/account
time="29-05-2021 21:34:58" level=info msg="Server apilinkaja is shutting down..."
time="29-05-2021 21:34:58" level=info msg="Server apilinkaja stopped"
time="29-05-2021 21:35:14" level=info msg="Server apilinkaja is ready to handle requests at st :2021"
time="29-05-2021 21:35:18" level=info msg="HTTP Request Method" method=POST request= url=/api/v1/linkaja/checksaldo/account
time="29-05-2021 21:36:27" level=info msg="Server apilinkaja is shutting down..."
time="29-05-2021 21:36:27" level=info msg="Server apilinkaja stopped"
time="29-05-2021 21:36:36" level=info msg="Server apilinkaja is ready to handle requests at st :2021"
time="29-05-2021 21:36:40" level=info msg="HTTP Request Method" method=POST request= url=/api/v1/linkaja/checksaldo/account
time="29-05-2021 21:38:38" level=info msg="Server apilinkaja is shutting down..."
time="29-05-2021 21:38:38" level=info msg="Server apilinkaja stopped"
time="29-05-2021 21:38:51" level=info msg="Server apilinkaja is ready to handle requests at st :2021"
time="29-05-2021 21:38:56" level=info msg="HTTP Request Method" method=POST request= url=/api/v1/linkaja/checksaldo/account
time="29-05-2021 21:40:31" level=info msg="Server apilinkaja is shutting down..."
time="29-05-2021 21:40:31" level=info msg="Server apilinkaja stopped"
time="29-05-2021 21:40:40" level=info msg="Server apilinkaja is ready to handle requests at st :2021"
time="29-05-2021 21:40:46" level=info msg="HTTP Request Method" method=POST request= url=/api/v1/linkaja/checksaldo/account
time="29-05-2021 21:46:47" level=info msg="Server apilinkaja is shutting down..."
time="29-05-2021 21:46:47" level=info msg="Server apilinkaja stopped"
time="29-05-2021 21:46:57" level=info msg="Server apilinkaja is ready to handle requests at st :2021"
time="29-05-2021 21:47:01" level=info msg="HTTP Request Method" method=POST request= url=/api/v1/linkaja/checksaldo/account
time="29-05-2021 21:47:24" level=info msg="Server apilinkaja is shutting down..."
time="29-05-2021 21:47:24" level=info msg="Server apilinkaja stopped"
time="29-05-2021 21:47:36" level=info msg="Server apilinkaja is ready to handle requests at st :2021"
time="29-05-2021 21:47:41" level=info msg="HTTP Request Method" method=POST request= url=/api/v1/linkaja/checksaldo/account
time="29-05-2021 21:49:52" level=info msg="Server apilinkaja is shutting down..."
time="29-05-2021 21:49:52" level=info msg="Server apilinkaja stopped"
time="29-05-2021 21:50:05" level=info msg="Server apilinkaja is ready to handle requests at st :2021"
time="29-05-2021 21:50:15" level=info msg="HTTP Request Method" method=POST request= url=/api/v1/linkaja/checksaldo/account
time="29-05-2021 21:52:29" level=info msg="Server apilinkaja is shutting down..."
time="29-05-2021 21:52:29" level=info msg="Server apilinkaja stopped"
time="29-05-2021 21:52:42" level=info msg="Server apilinkaja is ready to handle requests at st :2021"
time="29-05-2021 21:52:52" level=info msg="HTTP Request Method" method=POST request= url=/api/v1/linkaja/checksaldo/account
time="29-05-2021 21:59:41" level=info msg="Server apilinkaja is shutting down..."
time="29-05-2021 21:59:41" level=info msg="Server apilinkaja stopped"
time="29-05-2021 21:59:57" level=info msg="Server apilinkaja is ready to handle requests at st :2021"
time="29-05-2021 22:00:01" level=info msg="HTTP Request Method" method=POST request= url=/api/v1/linkaja/checksaldo/account
time="29-05-2021 22:00:18" level=info msg="HTTP Request Method" method=POST request= url=/api/v1/linkaja/checksaldo/account
time="29-05-2021 23:04:46" level=info msg="Server apilinkaja is shutting down..."
time="29-05-2021 23:04:46" level=info msg="Server apilinkaja stopped"
time="29-05-2021 23:04:57" level=info msg="Server apilinkaja is ready to handle requests at st :2021"
time="29-05-2021 23:05:03" level=info msg="HTTP Request Method" method=POST request= url=/api/v1/linkaja/checksaldo/account
time="29-05-2021 23:07:11" level=info msg="Server apilinkaja is shutting down..."
time="29-05-2021 23:07:11" level=info msg="Server apilinkaja stopped"
time="29-05-2021 23:07:26" level=info msg="Server apilinkaja is ready to handle requests at st :2021"
time="29-05-2021 23:07:30" level=info msg="HTTP Request Method" method=POST request= url=/api/v1/linkaja/checksaldo/account
time="29-05-2021 23:08:22" level=info msg="Server apilinkaja is shutting down..."
time="29-05-2021 23:08:22" level=info msg="Server apilinkaja stopped"
time="29-05-2021 23:08:28" level=info msg="Server apilinkaja is ready to handle requests at st :2021"
time="29-05-2021 23:08:33" level=info msg="HTTP Request Method" method=POST request= url=/api/v1/linkaja/checksaldo/account
time="29-05-2021 23:11:44" level=info msg="Server apilinkaja is shutting down..."
time="29-05-2021 23:11:44" level=info msg="Server apilinkaja stopped"
time="29-05-2021 23:11:58" level=info msg="Server apilinkaja is ready to handle requests at st :2021"
time="29-05-2021 23:12:03" level=info msg="HTTP Request Method" method=POST request= url=/api/v1/linkaja/checksaldo/account
time="29-05-2021 23:17:43" level=info msg="Server apilinkaja is shutting down..."
time="29-05-2021 23:17:43" level=info msg="Server apilinkaja stopped"
time="29-05-2021 23:18:05" level=info msg="Server apilinkaja is ready to handle requests at st :2021"
time="29-05-2021 23:18:10" level=info msg="HTTP Request Method" method=POST request= url=/api/v1/linkaja/checksaldo/account
time="29-05-2021 23:19:06" level=info msg="Server apilinkaja is shutting down..."
time="29-05-2021 23:19:06" level=info msg="Server apilinkaja stopped"
time="29-05-2021 23:19:20" level=info msg="Server apilinkaja is ready to handle requests at st :2021"
time="29-05-2021 23:19:24" level=info msg="HTTP Request Method" method=POST request= url=/api/v1/linkaja/checksaldo/account
time="29-05-2021 23:19:59" level=info msg="Server apilinkaja is shutting down..."
time="29-05-2021 23:19:59" level=info msg="Server apilinkaja stopped"
time="29-05-2021 23:20:16" level=info msg="Server apilinkaja is ready to handle requests at st :2021"
time="29-05-2021 23:20:19" level=info msg="HTTP Request Method" method=POST request= url=/api/v1/linkaja/checksaldo/account
time="29-05-2021 23:20:32" level=info msg="Server apilinkaja is shutting down..."
time="29-05-2021 23:20:32" level=info msg="Server apilinkaja stopped"
time="29-05-2021 23:20:46" level=info msg="Server apilinkaja is ready to handle requests at st :2021"
time="29-05-2021 23:20:49" level=info msg="HTTP Request Method" method=POST request= url=/api/v1/linkaja/checksaldo/account
time="29-05-2021 23:21:27" level=info msg="Server apilinkaja is shutting down..."
time="29-05-2021 23:21:27" level=info msg="Server apilinkaja stopped"
time="29-05-2021 23:21:37" level=info msg="Server apilinkaja is ready to handle requests at st :2021"
time="29-05-2021 23:21:40" level=info msg="HTTP Request Method" method=POST request= url=/api/v1/linkaja/checksaldo/account
time="29-05-2021 23:33:06" level=info msg="Server apilinkaja is shutting down..."
time="29-05-2021 23:33:06" level=info msg="Server apilinkaja stopped"
time="29-05-2021 23:33:20" level=info msg="Server apilinkaja is ready to handle requests at st :2021"
time="29-05-2021 23:33:24" level=info msg="HTTP Request Method" method=POST request= url=/api/v1/linkaja/checksaldo/account
time="29-05-2021 23:53:23" level=info msg="Server apilinkaja is shutting down..."
time="29-05-2021 23:53:23" level=info msg="Server apilinkaja stopped"
time="29-05-2021 23:53:34" level=info msg="Server apilinkaja is ready to handle requests at st :2021"
time="29-05-2021 23:53:39" level=info msg="HTTP Request Method" method=POST request= url=/api/v1/linkaja/checksaldo/account
time="29-05-2021 23:53:41" level=info msg="HTTP Request Method" method=POST request= url=/api/v1/linkaja/checksaldo/account
time="29-05-2021 23:53:43" level=info msg="HTTP Request Method" method=POST request= url=/api/v1/linkaja/checksaldo/account
time="29-05-2021 23:53:44" level=info msg="HTTP Request Method" method=POST request= url=/api/v1/linkaja/checksaldo/account
time="29-05-2021 23:57:23" level=info msg="Server apilinkaja is shutting down..."
time="29-05-2021 23:57:23" level=info msg="Server apilinkaja stopped"
